[28-Sep-2025 17:11:44 UTC] PHP Warning:  PHP Startup: Unable to load dynamic library 'bcmath' (tried: D:\xammp\php\ext\bcmath (The specified module could not be found), D:\xammp\php\ext\php_bcmath.dll (The specified module could not be found)) in Unknown on line 0
[28-Sep-2025 17:11:45 UTC] PHP Warning:  PHP Startup: Unable to load dynamic library 'ctype' (tried: D:\xammp\php\ext\ctype (The specified module could not be found), D:\xammp\php\ext\php_ctype.dll (The specified module could not be found)) in Unknown on line 0
[28-Sep-2025 17:11:45 UTC] PHP Warning:  PHP Startup: Unable to load dynamic library 'xml' (tried: D:\xammp\php\ext\xml (The specified module could not be found), D:\xammp\php\ext\php_xml.dll (The specified module could not be found)) in Unknown on line 0
[28-Sep-2025 17:11:45 UTC] PHP Warning:  PHP Startup: Unable to load dynamic library 'tokenizer' (tried: D:\xammp\php\ext\tokenizer (The specified module could not be found), D:\xammp\php\ext\php_tokenizer.dll (The specified module could not be found)) in Unknown on line 0
[28-Sep-2025 17:11:46 UTC] PHP Warning:  require(G:\New folder (5)\laravelApi/vendor/autoload.php): Failed to open stream: No such file or directory in G:\New folder (5)\laravelApi\artisan on line 18
[28-Sep-2025 17:11:46 UTC] PHP Fatal error:  Uncaught Error: Failed opening required 'G:\New folder (5)\laravelApi/vendor/autoload.php' (include_path='.;C:\php\pear') in G:\New folder (5)\laravelApi\artisan:18
Stack trace:
#0 {main}
  thrown in G:\New folder (5)\laravelApi\artisan on line 18
[28-Sep-2025 17:12:22 UTC] PHP Warning:  PHP Startup: Unable to load dynamic library 'bcmath' (tried: D:\xammp\php\ext\bcmath (The specified module could not be found), D:\xammp\php\ext\php_bcmath.dll (The specified module could not be found)) in Unknown on line 0
[28-Sep-2025 17:12:22 UTC] PHP Warning:  PHP Startup: Unable to load dynamic library 'ctype' (tried: D:\xammp\php\ext\ctype (The specified module could not be found), D:\xammp\php\ext\php_ctype.dll (The specified module could not be found)) in Unknown on line 0
[28-Sep-2025 17:12:22 UTC] PHP Warning:  PHP Startup: Unable to load dynamic library 'xml' (tried: D:\xammp\php\ext\xml (The specified module could not be found), D:\xammp\php\ext\php_xml.dll (The specified module could not be found)) in Unknown on line 0
[28-Sep-2025 17:12:22 UTC] PHP Warning:  PHP Startup: Unable to load dynamic library 'tokenizer' (tried: D:\xammp\php\ext\tokenizer (The specified module could not be found), D:\xammp\php\ext\php_tokenizer.dll (The specified module could not be found)) in Unknown on line 0
[28-Sep-2025 17:12:22 UTC] PHP Warning:  require(G:\New folder (5)\laravelApi/vendor/autoload.php): Failed to open stream: No such file or directory in G:\New folder (5)\laravelApi\artisan on line 18
[28-Sep-2025 17:12:22 UTC] PHP Fatal error:  Uncaught Error: Failed opening required 'G:\New folder (5)\laravelApi/vendor/autoload.php' (include_path='.;C:\php\pear') in G:\New folder (5)\laravelApi\artisan:18
Stack trace:
#0 {main}
  thrown in G:\New folder (5)\laravelApi\artisan on line 18
[28-Sep-2025 17:15:28 UTC] PHP Warning:  PHP Startup: Unable to load dynamic library 'bcmath' (tried: D:\xammp\php\ext\bcmath (The specified module could not be found), D:\xammp\php\ext\php_bcmath.dll (The specified module could not be found)) in Unknown on line 0
[28-Sep-2025 17:15:28 UTC] PHP Warning:  PHP Startup: Unable to load dynamic library 'ctype' (tried: D:\xammp\php\ext\ctype (The specified module could not be found), D:\xammp\php\ext\php_ctype.dll (The specified module could not be found)) in Unknown on line 0
[28-Sep-2025 17:15:28 UTC] PHP Warning:  PHP Startup: Unable to load dynamic library 'xml' (tried: D:\xammp\php\ext\xml (The specified module could not be found), D:\xammp\php\ext\php_xml.dll (The specified module could not be found)) in Unknown on line 0
[28-Sep-2025 17:15:28 UTC] PHP Warning:  PHP Startup: Unable to load dynamic library 'tokenizer' (tried: D:\xammp\php\ext\tokenizer (The specified module could not be found), D:\xammp\php\ext\php_tokenizer.dll (The specified module could not be found)) in Unknown on line 0
[28-Sep-2025 17:47:59 UTC] PHP Warning:  PHP Startup: Unable to load dynamic library 'bcmath' (tried: D:\xammp\php\ext\bcmath (The specified module could not be found), D:\xammp\php\ext\php_bcmath.dll (The specified module could not be found)) in Unknown on line 0
[28-Sep-2025 17:47:59 UTC] PHP Warning:  PHP Startup: Unable to load dynamic library 'bcmath' (tried: D:\xammp\php\ext\bcmath (The specified module could not be found), D:\xammp\php\ext\php_bcmath.dll (The specified module could not be found)) in Unknown on line 0
[28-Sep-2025 17:47:59 UTC] PHP Warning:  PHP Startup: Unable to load dynamic library 'ctype' (tried: D:\xammp\php\ext\ctype (The specified module could not be found), D:\xammp\php\ext\php_ctype.dll (The specified module could not be found)) in Unknown on line 0
[28-Sep-2025 17:47:59 UTC] PHP Warning:  PHP Startup: Unable to load dynamic library 'ctype' (tried: D:\xammp\php\ext\ctype (The specified module could not be found), D:\xammp\php\ext\php_ctype.dll (The specified module could not be found)) in Unknown on line 0
[28-Sep-2025 17:47:59 UTC] PHP Warning:  PHP Startup: Unable to load dynamic library 'xml' (tried: D:\xammp\php\ext\xml (The specified module could not be found), D:\xammp\php\ext\php_xml.dll (The specified module could not be found)) in Unknown on line 0
[28-Sep-2025 17:47:59 UTC] PHP Warning:  PHP Startup: Unable to load dynamic library 'tokenizer' (tried: D:\xammp\php\ext\tokenizer (The specified module could not be found), D:\xammp\php\ext\php_tokenizer.dll (The specified module could not be found)) in Unknown on line 0
[28-Sep-2025 17:47:59 UTC] PHP Warning:  PHP Startup: Unable to load dynamic library 'xml' (tried: D:\xammp\php\ext\xml (The specified module could not be found), D:\xammp\php\ext\php_xml.dll (The specified module could not be found)) in Unknown on line 0
[28-Sep-2025 17:47:59 UTC] PHP Warning:  PHP Startup: Unable to load dynamic library 'tokenizer' (tried: D:\xammp\php\ext\tokenizer (The specified module could not be found), D:\xammp\php\ext\php_tokenizer.dll (The specified module could not be found)) in Unknown on line 0
[28-Sep-2025 17:47:59 UTC] PHP Parse error:  syntax error, unexpected string content "echo", expecting end of file in Command line code on line 1
[28-Sep-2025 17:48:03 UTC] PHP Warning:  PHP Startup: Unable to load dynamic library 'bcmath' (tried: D:\xammp\php\ext\bcmath (The specified module could not be found), D:\xammp\php\ext\php_bcmath.dll (The specified module could not be found)) in Unknown on line 0
[28-Sep-2025 17:48:03 UTC] PHP Warning:  PHP Startup: Unable to load dynamic library 'ctype' (tried: D:\xammp\php\ext\ctype (The specified module could not be found), D:\xammp\php\ext\php_ctype.dll (The specified module could not be found)) in Unknown on line 0
[28-Sep-2025 17:48:03 UTC] PHP Warning:  PHP Startup: Unable to load dynamic library 'xml' (tried: D:\xammp\php\ext\xml (The specified module could not be found), D:\xammp\php\ext\php_xml.dll (The specified module could not be found)) in Unknown on line 0
[28-Sep-2025 17:48:03 UTC] PHP Warning:  PHP Startup: Unable to load dynamic library 'tokenizer' (tried: D:\xammp\php\ext\tokenizer (The specified module could not be found), D:\xammp\php\ext\php_tokenizer.dll (The specified module could not be found)) in Unknown on line 0
[28-Sep-2025 17:48:04 UTC] PHP Warning:  PHP Startup: Unable to load dynamic library 'bcmath' (tried: D:\xammp\php\ext\bcmath (The specified module could not be found), D:\xammp\php\ext\php_bcmath.dll (The specified module could not be found)) in Unknown on line 0
[28-Sep-2025 17:48:04 UTC] PHP Warning:  PHP Startup: Unable to load dynamic library 'ctype' (tried: D:\xammp\php\ext\ctype (The specified module could not be found), D:\xammp\php\ext\php_ctype.dll (The specified module could not be found)) in Unknown on line 0
[28-Sep-2025 17:48:04 UTC] PHP Warning:  PHP Startup: Unable to load dynamic library 'bcmath' (tried: D:\xammp\php\ext\bcmath (The specified module could not be found), D:\xammp\php\ext\php_bcmath.dll (The specified module could not be found)) in Unknown on line 0
[28-Sep-2025 17:48:05 UTC] PHP Warning:  PHP Startup: Unable to load dynamic library 'bcmath' (tried: D:\xammp\php\ext\bcmath (The specified module could not be found), D:\xammp\php\ext\php_bcmath.dll (The specified module could not be found)) in Unknown on line 0
[28-Sep-2025 17:48:05 UTC] PHP Warning:  PHP Startup: Unable to load dynamic library 'bcmath' (tried: D:\xammp\php\ext\bcmath (The specified module could not be found), D:\xammp\php\ext\php_bcmath.dll (The specified module could not be found)) in Unknown on line 0
[28-Sep-2025 17:48:05 UTC] PHP Warning:  PHP Startup: Unable to load dynamic library 'ctype' (tried: D:\xammp\php\ext\ctype (The specified module could not be found), D:\xammp\php\ext\php_ctype.dll (The specified module could not be found)) in Unknown on line 0
[28-Sep-2025 17:48:05 UTC] PHP Warning:  PHP Startup: Unable to load dynamic library 'bcmath' (tried: D:\xammp\php\ext\bcmath (The specified module could not be found), D:\xammp\php\ext\php_bcmath.dll (The specified module could not be found)) in Unknown on line 0
[28-Sep-2025 17:48:05 UTC] PHP Warning:  PHP Startup: Unable to load dynamic library 'ctype' (tried: D:\xammp\php\ext\ctype (The specified module could not be found), D:\xammp\php\ext\php_ctype.dll (The specified module could not be found)) in Unknown on line 0
[28-Sep-2025 17:48:05 UTC] PHP Warning:  PHP Startup: Unable to load dynamic library 'xml' (tried: D:\xammp\php\ext\xml (The specified module could not be found), D:\xammp\php\ext\php_xml.dll (The specified module could not be found)) in Unknown on line 0
[28-Sep-2025 17:48:05 UTC] PHP Warning:  PHP Startup: Unable to load dynamic library 'xml' (tried: D:\xammp\php\ext\xml (The specified module could not be found), D:\xammp\php\ext\php_xml.dll (The specified module could not be found)) in Unknown on line 0
[28-Sep-2025 17:48:05 UTC] PHP Warning:  PHP Startup: Unable to load dynamic library 'tokenizer' (tried: D:\xammp\php\ext\tokenizer (The specified module could not be found), D:\xammp\php\ext\php_tokenizer.dll (The specified module could not be found)) in Unknown on line 0
[28-Sep-2025 17:48:05 UTC] PHP Warning:  PHP Startup: Unable to load dynamic library 'tokenizer' (tried: D:\xammp\php\ext\tokenizer (The specified module could not be found), D:\xammp\php\ext\php_tokenizer.dll (The specified module could not be found)) in Unknown on line 0
[28-Sep-2025 17:48:05 UTC] PHP Warning:  PHP Startup: Unable to load dynamic library 'ctype' (tried: D:\xammp\php\ext\ctype (The specified module could not be found), D:\xammp\php\ext\php_ctype.dll (The specified module could not be found)) in Unknown on line 0
[28-Sep-2025 17:48:05 UTC] PHP Warning:  PHP Startup: Unable to load dynamic library 'xml' (tried: D:\xammp\php\ext\xml (The specified module could not be found), D:\xammp\php\ext\php_xml.dll (The specified module could not be found)) in Unknown on line 0
[28-Sep-2025 17:48:05 UTC] PHP Warning:  PHP Startup: Unable to load dynamic library 'tokenizer' (tried: D:\xammp\php\ext\tokenizer (The specified module could not be found), D:\xammp\php\ext\php_tokenizer.dll (The specified module could not be found)) in Unknown on line 0
[28-Sep-2025 17:48:05 UTC] PHP Warning:  PHP Startup: Unable to load dynamic library 'xml' (tried: D:\xammp\php\ext\xml (The specified module could not be found), D:\xammp\php\ext\php_xml.dll (The specified module could not be found)) in Unknown on line 0
[28-Sep-2025 17:48:05 UTC] PHP Warning:  PHP Startup: Unable to load dynamic library 'tokenizer' (tried: D:\xammp\php\ext\tokenizer (The specified module could not be found), D:\xammp\php\ext\php_tokenizer.dll (The specified module could not be found)) in Unknown on line 0
[28-Sep-2025 17:48:05 UTC] PHP Warning:  PHP Startup: Unable to load dynamic library 'bcmath' (tried: D:\xammp\php\ext\bcmath (The specified module could not be found), D:\xammp\php\ext\php_bcmath.dll (The specified module could not be found)) in Unknown on line 0
[28-Sep-2025 17:48:05 UTC] PHP Warning:  PHP Startup: Unable to load dynamic library 'ctype' (tried: D:\xammp\php\ext\ctype (The specified module could not be found), D:\xammp\php\ext\php_ctype.dll (The specified module could not be found)) in Unknown on line 0
[28-Sep-2025 17:48:05 UTC] PHP Warning:  PHP Startup: Unable to load dynamic library 'xml' (tried: D:\xammp\php\ext\xml (The specified module could not be found), D:\xammp\php\ext\php_xml.dll (The specified module could not be found)) in Unknown on line 0
[28-Sep-2025 17:48:05 UTC] PHP Warning:  PHP Startup: Unable to load dynamic library 'tokenizer' (tried: D:\xammp\php\ext\tokenizer (The specified module could not be found), D:\xammp\php\ext\php_tokenizer.dll (The specified module could not be found)) in Unknown on line 0
[28-Sep-2025 17:48:05 UTC] PHP Warning:  PHP Startup: Unable to load dynamic library 'ctype' (tried: D:\xammp\php\ext\ctype (The specified module could not be found), D:\xammp\php\ext\php_ctype.dll (The specified module could not be found)) in Unknown on line 0
[28-Sep-2025 17:48:05 UTC] PHP Warning:  PHP Startup: Unable to load dynamic library 'xml' (tried: D:\xammp\php\ext\xml (The specified module could not be found), D:\xammp\php\ext\php_xml.dll (The specified module could not be found)) in Unknown on line 0
[28-Sep-2025 17:48:05 UTC] PHP Warning:  PHP Startup: Unable to load dynamic library 'tokenizer' (tried: D:\xammp\php\ext\tokenizer (The specified module could not be found), D:\xammp\php\ext\php_tokenizer.dll (The specified module could not be found)) in Unknown on line 0
[28-Sep-2025 17:48:05 UTC] PHP Warning:  PHP Startup: Unable to load dynamic library 'bcmath' (tried: D:\xammp\php\ext\bcmath (The specified module could not be found), D:\xammp\php\ext\php_bcmath.dll (The specified module could not be found)) in Unknown on line 0
[28-Sep-2025 17:48:05 UTC] PHP Warning:  PHP Startup: Unable to load dynamic library 'ctype' (tried: D:\xammp\php\ext\ctype (The specified module could not be found), D:\xammp\php\ext\php_ctype.dll (The specified module could not be found)) in Unknown on line 0
[28-Sep-2025 17:48:05 UTC] PHP Warning:  PHP Startup: Unable to load dynamic library 'xml' (tried: D:\xammp\php\ext\xml (The specified module could not be found), D:\xammp\php\ext\php_xml.dll (The specified module could not be found)) in Unknown on line 0
[28-Sep-2025 17:48:05 UTC] PHP Warning:  PHP Startup: Unable to load dynamic library 'tokenizer' (tried: D:\xammp\php\ext\tokenizer (The specified module could not be found), D:\xammp\php\ext\php_tokenizer.dll (The specified module could not be found)) in Unknown on line 0
[28-Sep-2025 17:48:05 UTC] PHP Warning:  PHP Startup: Unable to load dynamic library 'bcmath' (tried: D:\xammp\php\ext\bcmath (The specified module could not be found), D:\xammp\php\ext\php_bcmath.dll (The specified module could not be found)) in Unknown on line 0
[28-Sep-2025 17:48:05 UTC] PHP Warning:  PHP Startup: Unable to load dynamic library 'ctype' (tried: D:\xammp\php\ext\ctype (The specified module could not be found), D:\xammp\php\ext\php_ctype.dll (The specified module could not be found)) in Unknown on line 0
[28-Sep-2025 17:48:05 UTC] PHP Warning:  PHP Startup: Unable to load dynamic library 'xml' (tried: D:\xammp\php\ext\xml (The specified module could not be found), D:\xammp\php\ext\php_xml.dll (The specified module could not be found)) in Unknown on line 0
[28-Sep-2025 17:48:05 UTC] PHP Warning:  PHP Startup: Unable to load dynamic library 'tokenizer' (tried: D:\xammp\php\ext\tokenizer (The specified module could not be found), D:\xammp\php\ext\php_tokenizer.dll (The specified module could not be found)) in Unknown on line 0
[28-Sep-2025 17:48:06 UTC] PHP Warning:  PHP Startup: Unable to load dynamic library 'bcmath' (tried: D:\xammp\php\ext\bcmath (The specified module could not be found), D:\xammp\php\ext\php_bcmath.dll (The specified module could not be found)) in Unknown on line 0
[28-Sep-2025 17:48:06 UTC] PHP Warning:  PHP Startup: Unable to load dynamic library 'ctype' (tried: D:\xammp\php\ext\ctype (The specified module could not be found), D:\xammp\php\ext\php_ctype.dll (The specified module could not be found)) in Unknown on line 0
[28-Sep-2025 17:48:06 UTC] PHP Warning:  PHP Startup: Unable to load dynamic library 'xml' (tried: D:\xammp\php\ext\xml (The specified module could not be found), D:\xammp\php\ext\php_xml.dll (The specified module could not be found)) in Unknown on line 0
[28-Sep-2025 17:48:06 UTC] PHP Warning:  PHP Startup: Unable to load dynamic library 'tokenizer' (tried: D:\xammp\php\ext\tokenizer (The specified module could not be found), D:\xammp\php\ext\php_tokenizer.dll (The specified module could not be found)) in Unknown on line 0
[28-Sep-2025 17:48:06 UTC] PHP Warning:  PHP Startup: Unable to load dynamic library 'bcmath' (tried: D:\xammp\php\ext\bcmath (The specified module could not be found), D:\xammp\php\ext\php_bcmath.dll (The specified module could not be found)) in Unknown on line 0
[28-Sep-2025 17:48:06 UTC] PHP Warning:  PHP Startup: Unable to load dynamic library 'ctype' (tried: D:\xammp\php\ext\ctype (The specified module could not be found), D:\xammp\php\ext\php_ctype.dll (The specified module could not be found)) in Unknown on line 0
[28-Sep-2025 17:48:06 UTC] PHP Warning:  PHP Startup: Unable to load dynamic library 'xml' (tried: D:\xammp\php\ext\xml (The specified module could not be found), D:\xammp\php\ext\php_xml.dll (The specified module could not be found)) in Unknown on line 0
[28-Sep-2025 17:48:06 UTC] PHP Warning:  PHP Startup: Unable to load dynamic library 'tokenizer' (tried: D:\xammp\php\ext\tokenizer (The specified module could not be found), D:\xammp\php\ext\php_tokenizer.dll (The specified module could not be found)) in Unknown on line 0
[28-Sep-2025 17:48:07 UTC] PHP Warning:  PHP Startup: Unable to load dynamic library 'bcmath' (tried: D:\xammp\php\ext\bcmath (The specified module could not be found), D:\xammp\php\ext\php_bcmath.dll (The specified module could not be found)) in Unknown on line 0
[28-Sep-2025 17:48:07 UTC] PHP Warning:  PHP Startup: Unable to load dynamic library 'ctype' (tried: D:\xammp\php\ext\ctype (The specified module could not be found), D:\xammp\php\ext\php_ctype.dll (The specified module could not be found)) in Unknown on line 0
[28-Sep-2025 17:48:07 UTC] PHP Warning:  PHP Startup: Unable to load dynamic library 'xml' (tried: D:\xammp\php\ext\xml (The specified module could not be found), D:\xammp\php\ext\php_xml.dll (The specified module could not be found)) in Unknown on line 0
[28-Sep-2025 17:48:07 UTC] PHP Warning:  PHP Startup: Unable to load dynamic library 'tokenizer' (tried: D:\xammp\php\ext\tokenizer (The specified module could not be found), D:\xammp\php\ext\php_tokenizer.dll (The specified module could not be found)) in Unknown on line 0
[28-Sep-2025 17:48:07 UTC] PHP Warning:  PHP Startup: Unable to load dynamic library 'bcmath' (tried: D:\xammp\php\ext\bcmath (The specified module could not be found), D:\xammp\php\ext\php_bcmath.dll (The specified module could not be found)) in Unknown on line 0
[28-Sep-2025 17:48:07 UTC] PHP Warning:  PHP Startup: Unable to load dynamic library 'ctype' (tried: D:\xammp\php\ext\ctype (The specified module could not be found), D:\xammp\php\ext\php_ctype.dll (The specified module could not be found)) in Unknown on line 0
[28-Sep-2025 17:48:07 UTC] PHP Warning:  PHP Startup: Unable to load dynamic library 'xml' (tried: D:\xammp\php\ext\xml (The specified module could not be found), D:\xammp\php\ext\php_xml.dll (The specified module could not be found)) in Unknown on line 0
[28-Sep-2025 17:48:07 UTC] PHP Warning:  PHP Startup: Unable to load dynamic library 'tokenizer' (tried: D:\xammp\php\ext\tokenizer (The specified module could not be found), D:\xammp\php\ext\php_tokenizer.dll (The specified module could not be found)) in Unknown on line 0
[28-Sep-2025 17:48:07 UTC] PHP Warning:  PHP Startup: Unable to load dynamic library 'bcmath' (tried: D:\xammp\php\ext\bcmath (The specified module could not be found), D:\xammp\php\ext\php_bcmath.dll (The specified module could not be found)) in Unknown on line 0
[28-Sep-2025 17:48:07 UTC] PHP Warning:  PHP Startup: Unable to load dynamic library 'ctype' (tried: D:\xammp\php\ext\ctype (The specified module could not be found), D:\xammp\php\ext\php_ctype.dll (The specified module could not be found)) in Unknown on line 0
[28-Sep-2025 17:48:07 UTC] PHP Warning:  PHP Startup: Unable to load dynamic library 'xml' (tried: D:\xammp\php\ext\xml (The specified module could not be found), D:\xammp\php\ext\php_xml.dll (The specified module could not be found)) in Unknown on line 0
[28-Sep-2025 17:48:07 UTC] PHP Warning:  PHP Startup: Unable to load dynamic library 'tokenizer' (tried: D:\xammp\php\ext\tokenizer (The specified module could not be found), D:\xammp\php\ext\php_tokenizer.dll (The specified module could not be found)) in Unknown on line 0
[28-Sep-2025 17:48:07 UTC] PHP Warning:  PHP Startup: Unable to load dynamic library 'bcmath' (tried: D:\xammp\php\ext\bcmath (The specified module could not be found), D:\xammp\php\ext\php_bcmath.dll (The specified module could not be found)) in Unknown on line 0
[28-Sep-2025 17:48:07 UTC] PHP Warning:  PHP Startup: Unable to load dynamic library 'ctype' (tried: D:\xammp\php\ext\ctype (The specified module could not be found), D:\xammp\php\ext\php_ctype.dll (The specified module could not be found)) in Unknown on line 0
[28-Sep-2025 17:48:07 UTC] PHP Warning:  PHP Startup: Unable to load dynamic library 'xml' (tried: D:\xammp\php\ext\xml (The specified module could not be found), D:\xammp\php\ext\php_xml.dll (The specified module could not be found)) in Unknown on line 0
[28-Sep-2025 17:48:07 UTC] PHP Warning:  PHP Startup: Unable to load dynamic library 'tokenizer' (tried: D:\xammp\php\ext\tokenizer (The specified module could not be found), D:\xammp\php\ext\php_tokenizer.dll (The specified module could not be found)) in Unknown on line 0
[28-Sep-2025 17:48:07 UTC] PHP Warning:  PHP Startup: Unable to load dynamic library 'bcmath' (tried: D:\xammp\php\ext\bcmath (The specified module could not be found), D:\xammp\php\ext\php_bcmath.dll (The specified module could not be found)) in Unknown on line 0
[28-Sep-2025 17:48:07 UTC] PHP Warning:  PHP Startup: Unable to load dynamic library 'ctype' (tried: D:\xammp\php\ext\ctype (The specified module could not be found), D:\xammp\php\ext\php_ctype.dll (The specified module could not be found)) in Unknown on line 0
[28-Sep-2025 17:48:07 UTC] PHP Warning:  PHP Startup: Unable to load dynamic library 'xml' (tried: D:\xammp\php\ext\xml (The specified module could not be found), D:\xammp\php\ext\php_xml.dll (The specified module could not be found)) in Unknown on line 0
[28-Sep-2025 17:48:07 UTC] PHP Warning:  PHP Startup: Unable to load dynamic library 'tokenizer' (tried: D:\xammp\php\ext\tokenizer (The specified module could not be found), D:\xammp\php\ext\php_tokenizer.dll (The specified module could not be found)) in Unknown on line 0
[28-Sep-2025 17:48:19 UTC] PHP Warning:  PHP Startup: Unable to load dynamic library 'bcmath' (tried: D:\xammp\php\ext\bcmath (The specified module could not be found), D:\xammp\php\ext\php_bcmath.dll (The specified module could not be found)) in Unknown on line 0
[28-Sep-2025 17:48:19 UTC] PHP Warning:  PHP Startup: Unable to load dynamic library 'ctype' (tried: D:\xammp\php\ext\ctype (The specified module could not be found), D:\xammp\php\ext\php_ctype.dll (The specified module could not be found)) in Unknown on line 0
[28-Sep-2025 17:48:19 UTC] PHP Warning:  PHP Startup: Unable to load dynamic library 'xml' (tried: D:\xammp\php\ext\xml (The specified module could not be found), D:\xammp\php\ext\php_xml.dll (The specified module could not be found)) in Unknown on line 0
[28-Sep-2025 17:48:19 UTC] PHP Warning:  PHP Startup: Unable to load dynamic library 'tokenizer' (tried: D:\xammp\php\ext\tokenizer (The specified module could not be found), D:\xammp\php\ext\php_tokenizer.dll (The specified module could not be found)) in Unknown on line 0
[28-Sep-2025 17:48:22 UTC] PHP Warning:  PHP Startup: Unable to load dynamic library 'bcmath' (tried: D:\xammp\php\ext\bcmath (The specified module could not be found), D:\xammp\php\ext\php_bcmath.dll (The specified module could not be found)) in Unknown on line 0
[28-Sep-2025 17:48:22 UTC] PHP Warning:  PHP Startup: Unable to load dynamic library 'ctype' (tried: D:\xammp\php\ext\ctype (The specified module could not be found), D:\xammp\php\ext\php_ctype.dll (The specified module could not be found)) in Unknown on line 0
[28-Sep-2025 17:48:22 UTC] PHP Warning:  PHP Startup: Unable to load dynamic library 'xml' (tried: D:\xammp\php\ext\xml (The specified module could not be found), D:\xammp\php\ext\php_xml.dll (The specified module could not be found)) in Unknown on line 0
[28-Sep-2025 17:48:22 UTC] PHP Warning:  PHP Startup: Unable to load dynamic library 'tokenizer' (tried: D:\xammp\php\ext\tokenizer (The specified module could not be found), D:\xammp\php\ext\php_tokenizer.dll (The specified module could not be found)) in Unknown on line 0
[28-Sep-2025 17:48:26 UTC] PHP Warning:  PHP Startup: Unable to load dynamic library 'bcmath' (tried: D:\xammp\php\ext\bcmath (The specified module could not be found), D:\xammp\php\ext\php_bcmath.dll (The specified module could not be found)) in Unknown on line 0
[28-Sep-2025 17:48:26 UTC] PHP Warning:  PHP Startup: Unable to load dynamic library 'ctype' (tried: D:\xammp\php\ext\ctype (The specified module could not be found), D:\xammp\php\ext\php_ctype.dll (The specified module could not be found)) in Unknown on line 0
[28-Sep-2025 17:48:26 UTC] PHP Warning:  PHP Startup: Unable to load dynamic library 'xml' (tried: D:\xammp\php\ext\xml (The specified module could not be found), D:\xammp\php\ext\php_xml.dll (The specified module could not be found)) in Unknown on line 0
[28-Sep-2025 17:48:26 UTC] PHP Warning:  PHP Startup: Unable to load dynamic library 'tokenizer' (tried: D:\xammp\php\ext\tokenizer (The specified module could not be found), D:\xammp\php\ext\php_tokenizer.dll (The specified module could not be found)) in Unknown on line 0
[28-Sep-2025 17:48:26 UTC] PHP Warning:  PHP Startup: Unable to load dynamic library 'bcmath' (tried: D:\xammp\php\ext\bcmath (The specified module could not be found), D:\xammp\php\ext\php_bcmath.dll (The specified module could not be found)) in Unknown on line 0
[28-Sep-2025 17:48:26 UTC] PHP Warning:  PHP Startup: Unable to load dynamic library 'ctype' (tried: D:\xammp\php\ext\ctype (The specified module could not be found), D:\xammp\php\ext\php_ctype.dll (The specified module could not be found)) in Unknown on line 0
[28-Sep-2025 17:48:26 UTC] PHP Warning:  PHP Startup: Unable to load dynamic library 'xml' (tried: D:\xammp\php\ext\xml (The specified module could not be found), D:\xammp\php\ext\php_xml.dll (The specified module could not be found)) in Unknown on line 0
[28-Sep-2025 17:48:26 UTC] PHP Warning:  PHP Startup: Unable to load dynamic library 'tokenizer' (tried: D:\xammp\php\ext\tokenizer (The specified module could not be found), D:\xammp\php\ext\php_tokenizer.dll (The specified module could not be found)) in Unknown on line 0
[28-Sep-2025 17:48:39 UTC] PHP Warning:  PHP Startup: Unable to load dynamic library 'bcmath' (tried: D:\xammp\php\ext\bcmath (The specified module could not be found), D:\xammp\php\ext\php_bcmath.dll (The specified module could not be found)) in Unknown on line 0
[28-Sep-2025 17:48:39 UTC] PHP Warning:  PHP Startup: Unable to load dynamic library 'ctype' (tried: D:\xammp\php\ext\ctype (The specified module could not be found), D:\xammp\php\ext\php_ctype.dll (The specified module could not be found)) in Unknown on line 0
[28-Sep-2025 17:48:39 UTC] PHP Warning:  PHP Startup: Unable to load dynamic library 'xml' (tried: D:\xammp\php\ext\xml (The specified module could not be found), D:\xammp\php\ext\php_xml.dll (The specified module could not be found)) in Unknown on line 0
[28-Sep-2025 17:48:39 UTC] PHP Warning:  PHP Startup: Unable to load dynamic library 'tokenizer' (tried: D:\xammp\php\ext\tokenizer (The specified module could not be found), D:\xammp\php\ext\php_tokenizer.dll (The specified module could not be found)) in Unknown on line 0
[28-Sep-2025 17:49:23 UTC] PHP Warning:  PHP Startup: Unable to load dynamic library 'bcmath' (tried: D:\xammp\php\ext\bcmath (The specified module could not be found), D:\xammp\php\ext\php_bcmath.dll (The specified module could not be found)) in Unknown on line 0
[28-Sep-2025 17:49:23 UTC] PHP Warning:  PHP Startup: Unable to load dynamic library 'ctype' (tried: D:\xammp\php\ext\ctype (The specified module could not be found), D:\xammp\php\ext\php_ctype.dll (The specified module could not be found)) in Unknown on line 0
[28-Sep-2025 17:49:23 UTC] PHP Warning:  PHP Startup: Unable to load dynamic library 'xml' (tried: D:\xammp\php\ext\xml (The specified module could not be found), D:\xammp\php\ext\php_xml.dll (The specified module could not be found)) in Unknown on line 0
[28-Sep-2025 17:49:23 UTC] PHP Warning:  PHP Startup: Unable to load dynamic library 'tokenizer' (tried: D:\xammp\php\ext\tokenizer (The specified module could not be found), D:\xammp\php\ext\php_tokenizer.dll (The specified module could not be found)) in Unknown on line 0
[28-Sep-2025 17:49:26 UTC] PHP Warning:  PHP Startup: Unable to load dynamic library 'bcmath' (tried: D:\xammp\php\ext\bcmath (The specified module could not be found), D:\xammp\php\ext\php_bcmath.dll (The specified module could not be found)) in Unknown on line 0
[28-Sep-2025 17:49:26 UTC] PHP Warning:  PHP Startup: Unable to load dynamic library 'ctype' (tried: D:\xammp\php\ext\ctype (The specified module could not be found), D:\xammp\php\ext\php_ctype.dll (The specified module could not be found)) in Unknown on line 0
[28-Sep-2025 17:49:26 UTC] PHP Warning:  PHP Startup: Unable to load dynamic library 'xml' (tried: D:\xammp\php\ext\xml (The specified module could not be found), D:\xammp\php\ext\php_xml.dll (The specified module could not be found)) in Unknown on line 0
[28-Sep-2025 17:49:26 UTC] PHP Warning:  PHP Startup: Unable to load dynamic library 'bcmath' (tried: D:\xammp\php\ext\bcmath (The specified module could not be found), D:\xammp\php\ext\php_bcmath.dll (The specified module could not be found)) in Unknown on line 0
[28-Sep-2025 17:49:26 UTC] PHP Warning:  PHP Startup: Unable to load dynamic library 'tokenizer' (tried: D:\xammp\php\ext\tokenizer (The specified module could not be found), D:\xammp\php\ext\php_tokenizer.dll (The specified module could not be found)) in Unknown on line 0
[28-Sep-2025 17:49:26 UTC] PHP Warning:  PHP Startup: Unable to load dynamic library 'ctype' (tried: D:\xammp\php\ext\ctype (The specified module could not be found), D:\xammp\php\ext\php_ctype.dll (The specified module could not be found)) in Unknown on line 0
[28-Sep-2025 17:49:26 UTC] PHP Warning:  PHP Startup: Unable to load dynamic library 'xml' (tried: D:\xammp\php\ext\xml (The specified module could not be found), D:\xammp\php\ext\php_xml.dll (The specified module could not be found)) in Unknown on line 0
[28-Sep-2025 17:49:26 UTC] PHP Warning:  PHP Startup: Unable to load dynamic library 'tokenizer' (tried: D:\xammp\php\ext\tokenizer (The specified module could not be found), D:\xammp\php\ext\php_tokenizer.dll (The specified module could not be found)) in Unknown on line 0
[28-Sep-2025 17:50:26 UTC] PHP Warning:  PHP Startup: Unable to load dynamic library 'bcmath' (tried: D:\xammp\php\ext\bcmath (The specified module could not be found), D:\xammp\php\ext\php_bcmath.dll (The specified module could not be found)) in Unknown on line 0
[28-Sep-2025 17:50:26 UTC] PHP Warning:  PHP Startup: Unable to load dynamic library 'bcmath' (tried: D:\xammp\php\ext\bcmath (The specified module could not be found), D:\xammp\php\ext\php_bcmath.dll (The specified module could not be found)) in Unknown on line 0
[28-Sep-2025 17:50:26 UTC] PHP Warning:  PHP Startup: Unable to load dynamic library 'ctype' (tried: D:\xammp\php\ext\ctype (The specified module could not be found), D:\xammp\php\ext\php_ctype.dll (The specified module could not be found)) in Unknown on line 0
[28-Sep-2025 17:50:26 UTC] PHP Warning:  PHP Startup: Unable to load dynamic library 'ctype' (tried: D:\xammp\php\ext\ctype (The specified module could not be found), D:\xammp\php\ext\php_ctype.dll (The specified module could not be found)) in Unknown on line 0
[28-Sep-2025 17:50:26 UTC] PHP Warning:  PHP Startup: Unable to load dynamic library 'xml' (tried: D:\xammp\php\ext\xml (The specified module could not be found), D:\xammp\php\ext\php_xml.dll (The specified module could not be found)) in Unknown on line 0
[28-Sep-2025 17:50:26 UTC] PHP Warning:  PHP Startup: Unable to load dynamic library 'tokenizer' (tried: D:\xammp\php\ext\tokenizer (The specified module could not be found), D:\xammp\php\ext\php_tokenizer.dll (The specified module could not be found)) in Unknown on line 0
[28-Sep-2025 17:50:26 UTC] PHP Warning:  PHP Startup: Unable to load dynamic library 'xml' (tried: D:\xammp\php\ext\xml (The specified module could not be found), D:\xammp\php\ext\php_xml.dll (The specified module could not be found)) in Unknown on line 0
[28-Sep-2025 17:50:26 UTC] PHP Warning:  PHP Startup: Unable to load dynamic library 'tokenizer' (tried: D:\xammp\php\ext\tokenizer (The specified module could not be found), D:\xammp\php\ext\php_tokenizer.dll (The specified module could not be found)) in Unknown on line 0
[28-Sep-2025 17:51:04 UTC] PHP Warning:  PHP Startup: Unable to load dynamic library 'bcmath' (tried: D:\xammp\php\ext\bcmath (The specified module could not be found), D:\xammp\php\ext\php_bcmath.dll (The specified module could not be found)) in Unknown on line 0
[28-Sep-2025 17:51:04 UTC] PHP Warning:  PHP Startup: Unable to load dynamic library 'ctype' (tried: D:\xammp\php\ext\ctype (The specified module could not be found), D:\xammp\php\ext\php_ctype.dll (The specified module could not be found)) in Unknown on line 0
[28-Sep-2025 17:51:04 UTC] PHP Warning:  PHP Startup: Unable to load dynamic library 'xml' (tried: D:\xammp\php\ext\xml (The specified module could not be found), D:\xammp\php\ext\php_xml.dll (The specified module could not be found)) in Unknown on line 0
[28-Sep-2025 17:51:04 UTC] PHP Warning:  PHP Startup: Unable to load dynamic library 'tokenizer' (tried: D:\xammp\php\ext\tokenizer (The specified module could not be found), D:\xammp\php\ext\php_tokenizer.dll (The specified module could not be found)) in Unknown on line 0
[28-Sep-2025 17:51:26 UTC] PHP Warning:  PHP Startup: Unable to load dynamic library 'bcmath' (tried: D:\xammp\php\ext\bcmath (The specified module could not be found), D:\xammp\php\ext\php_bcmath.dll (The specified module could not be found)) in Unknown on line 0
[28-Sep-2025 17:51:26 UTC] PHP Warning:  PHP Startup: Unable to load dynamic library 'ctype' (tried: D:\xammp\php\ext\ctype (The specified module could not be found), D:\xammp\php\ext\php_ctype.dll (The specified module could not be found)) in Unknown on line 0
[28-Sep-2025 17:51:26 UTC] PHP Warning:  PHP Startup: Unable to load dynamic library 'xml' (tried: D:\xammp\php\ext\xml (The specified module could not be found), D:\xammp\php\ext\php_xml.dll (The specified module could not be found)) in Unknown on line 0
[28-Sep-2025 17:51:26 UTC] PHP Warning:  PHP Startup: Unable to load dynamic library 'tokenizer' (tried: D:\xammp\php\ext\tokenizer (The specified module could not be found), D:\xammp\php\ext\php_tokenizer.dll (The specified module could not be found)) in Unknown on line 0
[28-Sep-2025 17:51:27 UTC] PHP Warning:  PHP Startup: Unable to load dynamic library 'bcmath' (tried: D:\xammp\php\ext\bcmath (The specified module could not be found), D:\xammp\php\ext\php_bcmath.dll (The specified module could not be found)) in Unknown on line 0
[28-Sep-2025 17:51:27 UTC] PHP Warning:  PHP Startup: Unable to load dynamic library 'ctype' (tried: D:\xammp\php\ext\ctype (The specified module could not be found), D:\xammp\php\ext\php_ctype.dll (The specified module could not be found)) in Unknown on line 0
[28-Sep-2025 17:51:27 UTC] PHP Warning:  PHP Startup: Unable to load dynamic library 'xml' (tried: D:\xammp\php\ext\xml (The specified module could not be found), D:\xammp\php\ext\php_xml.dll (The specified module could not be found)) in Unknown on line 0
[28-Sep-2025 17:51:27 UTC] PHP Warning:  PHP Startup: Unable to load dynamic library 'tokenizer' (tried: D:\xammp\php\ext\tokenizer (The specified module could not be found), D:\xammp\php\ext\php_tokenizer.dll (The specified module could not be found)) in Unknown on line 0
[28-Sep-2025 17:52:20 UTC] PHP Warning:  PHP Startup: Unable to load dynamic library 'bcmath' (tried: D:\xammp\php\ext\bcmath (The specified module could not be found), D:\xammp\php\ext\php_bcmath.dll (The specified module could not be found)) in Unknown on line 0
[28-Sep-2025 17:52:20 UTC] PHP Warning:  PHP Startup: Unable to load dynamic library 'ctype' (tried: D:\xammp\php\ext\ctype (The specified module could not be found), D:\xammp\php\ext\php_ctype.dll (The specified module could not be found)) in Unknown on line 0
[28-Sep-2025 17:52:20 UTC] PHP Warning:  PHP Startup: Unable to load dynamic library 'xml' (tried: D:\xammp\php\ext\xml (The specified module could not be found), D:\xammp\php\ext\php_xml.dll (The specified module could not be found)) in Unknown on line 0
[28-Sep-2025 17:52:20 UTC] PHP Warning:  PHP Startup: Unable to load dynamic library 'tokenizer' (tried: D:\xammp\php\ext\tokenizer (The specified module could not be found), D:\xammp\php\ext\php_tokenizer.dll (The specified module could not be found)) in Unknown on line 0
[28-Sep-2025 17:52:26 UTC] PHP Warning:  PHP Startup: Unable to load dynamic library 'bcmath' (tried: D:\xammp\php\ext\bcmath (The specified module could not be found), D:\xammp\php\ext\php_bcmath.dll (The specified module could not be found)) in Unknown on line 0
[28-Sep-2025 17:52:26 UTC] PHP Warning:  PHP Startup: Unable to load dynamic library 'ctype' (tried: D:\xammp\php\ext\ctype (The specified module could not be found), D:\xammp\php\ext\php_ctype.dll (The specified module could not be found)) in Unknown on line 0
[28-Sep-2025 17:52:26 UTC] PHP Warning:  PHP Startup: Unable to load dynamic library 'xml' (tried: D:\xammp\php\ext\xml (The specified module could not be found), D:\xammp\php\ext\php_xml.dll (The specified module could not be found)) in Unknown on line 0
[28-Sep-2025 17:52:26 UTC] PHP Warning:  PHP Startup: Unable to load dynamic library 'tokenizer' (tried: D:\xammp\php\ext\tokenizer (The specified module could not be found), D:\xammp\php\ext\php_tokenizer.dll (The specified module could not be found)) in Unknown on line 0
[28-Sep-2025 17:52:26 UTC] PHP Warning:  PHP Startup: Unable to load dynamic library 'bcmath' (tried: D:\xammp\php\ext\bcmath (The specified module could not be found), D:\xammp\php\ext\php_bcmath.dll (The specified module could not be found)) in Unknown on line 0
[28-Sep-2025 17:52:26 UTC] PHP Warning:  PHP Startup: Unable to load dynamic library 'ctype' (tried: D:\xammp\php\ext\ctype (The specified module could not be found), D:\xammp\php\ext\php_ctype.dll (The specified module could not be found)) in Unknown on line 0
[28-Sep-2025 17:52:26 UTC] PHP Warning:  PHP Startup: Unable to load dynamic library 'xml' (tried: D:\xammp\php\ext\xml (The specified module could not be found), D:\xammp\php\ext\php_xml.dll (The specified module could not be found)) in Unknown on line 0
[28-Sep-2025 17:52:26 UTC] PHP Warning:  PHP Startup: Unable to load dynamic library 'tokenizer' (tried: D:\xammp\php\ext\tokenizer (The specified module could not be found), D:\xammp\php\ext\php_tokenizer.dll (The specified module could not be found)) in Unknown on line 0
[28-Sep-2025 17:52:45 UTC] PHP Warning:  PHP Startup: Unable to load dynamic library 'bcmath' (tried: D:\xammp\php\ext\bcmath (The specified module could not be found), D:\xammp\php\ext\php_bcmath.dll (The specified module could not be found)) in Unknown on line 0
[28-Sep-2025 17:52:45 UTC] PHP Warning:  PHP Startup: Unable to load dynamic library 'ctype' (tried: D:\xammp\php\ext\ctype (The specified module could not be found), D:\xammp\php\ext\php_ctype.dll (The specified module could not be found)) in Unknown on line 0
[28-Sep-2025 17:52:45 UTC] PHP Warning:  PHP Startup: Unable to load dynamic library 'xml' (tried: D:\xammp\php\ext\xml (The specified module could not be found), D:\xammp\php\ext\php_xml.dll (The specified module could not be found)) in Unknown on line 0
[28-Sep-2025 17:52:45 UTC] PHP Warning:  PHP Startup: Unable to load dynamic library 'tokenizer' (tried: D:\xammp\php\ext\tokenizer (The specified module could not be found), D:\xammp\php\ext\php_tokenizer.dll (The specified module could not be found)) in Unknown on line 0
[28-Sep-2025 17:53:26 UTC] PHP Warning:  PHP Startup: Unable to load dynamic library 'bcmath' (tried: D:\xammp\php\ext\bcmath (The specified module could not be found), D:\xammp\php\ext\php_bcmath.dll (The specified module could not be found)) in Unknown on line 0
[28-Sep-2025 17:53:26 UTC] PHP Warning:  PHP Startup: Unable to load dynamic library 'ctype' (tried: D:\xammp\php\ext\ctype (The specified module could not be found), D:\xammp\php\ext\php_ctype.dll (The specified module could not be found)) in Unknown on line 0
[28-Sep-2025 17:53:26 UTC] PHP Warning:  PHP Startup: Unable to load dynamic library 'xml' (tried: D:\xammp\php\ext\xml (The specified module could not be found), D:\xammp\php\ext\php_xml.dll (The specified module could not be found)) in Unknown on line 0
[28-Sep-2025 17:53:26 UTC] PHP Warning:  PHP Startup: Unable to load dynamic library 'tokenizer' (tried: D:\xammp\php\ext\tokenizer (The specified module could not be found), D:\xammp\php\ext\php_tokenizer.dll (The specified module could not be found)) in Unknown on line 0
[28-Sep-2025 17:53:26 UTC] PHP Warning:  PHP Startup: Unable to load dynamic library 'bcmath' (tried: D:\xammp\php\ext\bcmath (The specified module could not be found), D:\xammp\php\ext\php_bcmath.dll (The specified module could not be found)) in Unknown on line 0
[28-Sep-2025 17:53:26 UTC] PHP Warning:  PHP Startup: Unable to load dynamic library 'ctype' (tried: D:\xammp\php\ext\ctype (The specified module could not be found), D:\xammp\php\ext\php_ctype.dll (The specified module could not be found)) in Unknown on line 0
[28-Sep-2025 17:53:26 UTC] PHP Warning:  PHP Startup: Unable to load dynamic library 'xml' (tried: D:\xammp\php\ext\xml (The specified module could not be found), D:\xammp\php\ext\php_xml.dll (The specified module could not be found)) in Unknown on line 0
[28-Sep-2025 17:53:26 UTC] PHP Warning:  PHP Startup: Unable to load dynamic library 'tokenizer' (tried: D:\xammp\php\ext\tokenizer (The specified module could not be found), D:\xammp\php\ext\php_tokenizer.dll (The specified module could not be found)) in Unknown on line 0
[28-Sep-2025 17:54:26 UTC] PHP Warning:  PHP Startup: Unable to load dynamic library 'bcmath' (tried: D:\xammp\php\ext\bcmath (The specified module could not be found), D:\xammp\php\ext\php_bcmath.dll (The specified module could not be found)) in Unknown on line 0
[28-Sep-2025 17:54:26 UTC] PHP Warning:  PHP Startup: Unable to load dynamic library 'bcmath' (tried: D:\xammp\php\ext\bcmath (The specified module could not be found), D:\xammp\php\ext\php_bcmath.dll (The specified module could not be found)) in Unknown on line 0
[28-Sep-2025 17:54:26 UTC] PHP Warning:  PHP Startup: Unable to load dynamic library 'ctype' (tried: D:\xammp\php\ext\ctype (The specified module could not be found), D:\xammp\php\ext\php_ctype.dll (The specified module could not be found)) in Unknown on line 0
[28-Sep-2025 17:54:26 UTC] PHP Warning:  PHP Startup: Unable to load dynamic library 'ctype' (tried: D:\xammp\php\ext\ctype (The specified module could not be found), D:\xammp\php\ext\php_ctype.dll (The specified module could not be found)) in Unknown on line 0
[28-Sep-2025 17:54:26 UTC] PHP Warning:  PHP Startup: Unable to load dynamic library 'xml' (tried: D:\xammp\php\ext\xml (The specified module could not be found), D:\xammp\php\ext\php_xml.dll (The specified module could not be found)) in Unknown on line 0
[28-Sep-2025 17:54:26 UTC] PHP Warning:  PHP Startup: Unable to load dynamic library 'xml' (tried: D:\xammp\php\ext\xml (The specified module could not be found), D:\xammp\php\ext\php_xml.dll (The specified module could not be found)) in Unknown on line 0
[28-Sep-2025 17:54:26 UTC] PHP Warning:  PHP Startup: Unable to load dynamic library 'tokenizer' (tried: D:\xammp\php\ext\tokenizer (The specified module could not be found), D:\xammp\php\ext\php_tokenizer.dll (The specified module could not be found)) in Unknown on line 0
[28-Sep-2025 17:54:26 UTC] PHP Warning:  PHP Startup: Unable to load dynamic library 'tokenizer' (tried: D:\xammp\php\ext\tokenizer (The specified module could not be found), D:\xammp\php\ext\php_tokenizer.dll (The specified module could not be found)) in Unknown on line 0
[28-Sep-2025 17:55:26 UTC] PHP Warning:  PHP Startup: Unable to load dynamic library 'bcmath' (tried: D:\xammp\php\ext\bcmath (The specified module could not be found), D:\xammp\php\ext\php_bcmath.dll (The specified module could not be found)) in Unknown on line 0
[28-Sep-2025 17:55:26 UTC] PHP Warning:  PHP Startup: Unable to load dynamic library 'ctype' (tried: D:\xammp\php\ext\ctype (The specified module could not be found), D:\xammp\php\ext\php_ctype.dll (The specified module could not be found)) in Unknown on line 0
[28-Sep-2025 17:55:26 UTC] PHP Warning:  PHP Startup: Unable to load dynamic library 'xml' (tried: D:\xammp\php\ext\xml (The specified module could not be found), D:\xammp\php\ext\php_xml.dll (The specified module could not be found)) in Unknown on line 0
[28-Sep-2025 17:55:26 UTC] PHP Warning:  PHP Startup: Unable to load dynamic library 'tokenizer' (tried: D:\xammp\php\ext\tokenizer (The specified module could not be found), D:\xammp\php\ext\php_tokenizer.dll (The specified module could not be found)) in Unknown on line 0
[28-Sep-2025 17:55:26 UTC] PHP Warning:  PHP Startup: Unable to load dynamic library 'bcmath' (tried: D:\xammp\php\ext\bcmath (The specified module could not be found), D:\xammp\php\ext\php_bcmath.dll (The specified module could not be found)) in Unknown on line 0
[28-Sep-2025 17:55:26 UTC] PHP Warning:  PHP Startup: Unable to load dynamic library 'ctype' (tried: D:\xammp\php\ext\ctype (The specified module could not be found), D:\xammp\php\ext\php_ctype.dll (The specified module could not be found)) in Unknown on line 0
[28-Sep-2025 17:55:26 UTC] PHP Warning:  PHP Startup: Unable to load dynamic library 'xml' (tried: D:\xammp\php\ext\xml (The specified module could not be found), D:\xammp\php\ext\php_xml.dll (The specified module could not be found)) in Unknown on line 0
[28-Sep-2025 17:55:26 UTC] PHP Warning:  PHP Startup: Unable to load dynamic library 'tokenizer' (tried: D:\xammp\php\ext\tokenizer (The specified module could not be found), D:\xammp\php\ext\php_tokenizer.dll (The specified module could not be found)) in Unknown on line 0
